<?xml version="1.0" encoding="UTF-8"?>
<beans xmlns="http://www.springframework.org/schema/beans"
	xmlns:xsi="http://www.w3.org/2001/XMLSchema-instance" xmlns:p="http://www.springframework.org/schema/p"
	xmlns:context="http://www.springframework.org/schema/context" xmlns:tx="http://www.springframework.org/schema/tx"
	xmlns:jdbc="http://www.springframework.org/schema/jdbc"
	xsi:schemaLocation="http://www.springframework.org/schema/beans
	    http://www.springframework.org/schema/beans/spring-beans.xsd
	    http://www.springframework.org/schema/context
	    http://www.springframework.org/schema/context/spring-context.xsd
	    http://www.springframework.org/schema/tx
	    http://www.springframework.org/schema/tx/spring-tx.xsd
	    http://www.springframework.org/schema/jdbc
	    http://www.springframework.org/schema/jdbc/spring-jdbc-4.1.xsd">

	<!-- Activates various annotations to be detected in bean classes -->
	<context:annotation-config />

	<!-- Scans the classpath for annotated components that will be auto-registered 
		as Spring beans. In this case it will scan for all stereotypes except @Controller -->
	<context:component-scan base-package="org.akvelontesttask" use-default-filters="false">
		<context:include-filter type="annotation"
			expression="org.springframework.stereotype.Repository" />
	</context:component-scan>

	<!-- Enables annotation style of managing transactions -->
	<tx:annotation-driven />

	<!-- Hibernate SessionFactory for retrieving Hibernate sessions -->
	<bean id="sessionFactory"
		class="org.springframework.orm.hibernate4.LocalSessionFactoryBean"
		p:configLocation="classpath:hibernate.cfg.xml" 
		p:dataSource-ref="dataSource"
		p:packagesToScan="org.akvelontesttask.domain" />

	<jdbc:embedded-database id="dataSource" type="HSQL">
		<jdbc:script location="classpath:sql/create_table.sql" />
	</jdbc:embedded-database>

	<!-- Binds a Hibernate Session from the specified factory to the thread -->
	<bean id="transactionManager"
		class="org.springframework.orm.hibernate4.HibernateTransactionManager"
		p:sessionFactory-ref="sessionFactory" />

</beans>