<?xml version="1.0" encoding="UTF-8"?>
<beans xmlns="http://www.springframework.org/schema/beans"
	xmlns:xsi="http://www.w3.org/2001/XMLSchema-instance" xmlns:p="http://www.springframework.org/schema/p"
	xmlns:context="http://www.springframework.org/schema/context"
	xmlns:mvc="http://www.springframework.org/schema/mvc"
	xsi:schemaLocation="http://www.springframework.org/schema/beans
    http://www.springframework.org/schema/beans/spring-beans.xsd
    http://www.springframework.org/schema/context
	http://www.springframework.org/schema/context/spring-context.xsd
    http://www.springframework.org/schema/mvc
    http://www.springframework.org/schema/mvc/spring-mvc.xsd">
    
    <!-- Activates various annotations to be detected in bean classes -->
    <context:annotation-config />

	<!-- Configures the annotation-driven Spring MVC Controller programming 
		model -->
	<mvc:annotation-driven validator="validator"/>

	<!-- Maps handlers based on HTTP paths expressed through the @RequestMapping -->
	<bean id="handlerMapping"
		class="org.springframework.web.servlet.mvc.annotation.DefaultAnnotationHandlerMapping" />

	<!-- View resolvers -->
	<bean id="viewResolver"
		class="org.springframework.web.servlet.view.InternalResourceViewResolver"
		p:prefix="/WEB-INF/pages/" p:suffix=".jsp" />

	<!-- Bundle with messages -->
	<bean id="resourceBundleLocator"
		class="org.springframework.context.support.ReloadableResourceBundleMessageSource"
		p:basename="classpath:messages" p:defaultEncoding="UTF-8"
		p:useCodeAsDefaultMessage="true" />

	<!-- JSR-303 @Valid -->
	<bean id="validator"
		class="org.springframework.validation.beanvalidation.LocalValidatorFactoryBean"
		p:validationMessageSource-ref="resourceBundleLocator" />

	<bean class="org.akvelontesttask.web.PersonInfoController" p:personInfoService-ref="personInfoServiceMock"/>

	<bean id="personInfoServiceMock" class="org.mockito.Mockito" factory-method="mock">
		<constructor-arg value="org.akvelontesttask.service.PersonInfoService" />
	</bean>

</beans>